\BOOKMARK [0][-]{chapter.1}{\376\377\0001\000\040\000N\000a\000m\000e\000s\000p\000a\000c\000e\000\040\000I\000n\000d\000e\000x}{}% 1
\BOOKMARK [1][-]{section.1.1}{\376\377\0001\000.\0001\000\040\000N\000a\000m\000e\000s\000p\000a\000c\000e\000\040\000L\000i\000s\000t}{chapter.1}% 2
\BOOKMARK [0][-]{chapter.2}{\376\377\0002\000\040\000H\000i\000e\000r\000a\000r\000c\000h\000i\000c\000a\000l\000\040\000I\000n\000d\000e\000x}{}% 3
\BOOKMARK [1][-]{section.2.1}{\376\377\0002\000.\0001\000\040\000C\000l\000a\000s\000s\000\040\000H\000i\000e\000r\000a\000r\000c\000h\000y}{chapter.2}% 4
\BOOKMARK [0][-]{chapter.3}{\376\377\0003\000\040\000C\000l\000a\000s\000s\000\040\000I\000n\000d\000e\000x}{}% 5
\BOOKMARK [1][-]{section.3.1}{\376\377\0003\000.\0001\000\040\000C\000l\000a\000s\000s\000\040\000L\000i\000s\000t}{chapter.3}% 6
\BOOKMARK [0][-]{chapter.4}{\376\377\0004\000\040\000F\000i\000l\000e\000\040\000I\000n\000d\000e\000x}{}% 7
\BOOKMARK [1][-]{section.4.1}{\376\377\0004\000.\0001\000\040\000F\000i\000l\000e\000\040\000L\000i\000s\000t}{chapter.4}% 8
\BOOKMARK [0][-]{chapter.5}{\376\377\0005\000\040\000N\000a\000m\000e\000s\000p\000a\000c\000e\000\040\000D\000o\000c\000u\000m\000e\000n\000t\000a\000t\000i\000o\000n}{}% 9
\BOOKMARK [1][-]{section.5.1}{\376\377\0005\000.\0001\000\040\000A\000d\000d\000D\000o\000n\000a\000t\000i\000o\000n\000F\000o\000r\000m\000\040\000N\000a\000m\000e\000s\000p\000a\000c\000e\000\040\000R\000e\000f\000e\000r\000e\000n\000c\000e}{chapter.5}% 10
\BOOKMARK [1][-]{section.5.2}{\376\377\0005\000.\0002\000\040\000A\000p\000p\000\040\000N\000a\000m\000e\000s\000p\000a\000c\000e\000\040\000R\000e\000f\000e\000r\000e\000n\000c\000e}{chapter.5}% 11
\BOOKMARK [1][-]{section.5.3}{\376\377\0005\000.\0003\000\040\000D\000o\000n\000a\000t\000i\000o\000n\000C\000a\000r\000d\000\040\000N\000a\000m\000e\000s\000p\000a\000c\000e\000\040\000R\000e\000f\000e\000r\000e\000n\000c\000e}{chapter.5}% 12
\BOOKMARK [1][-]{section.5.4}{\376\377\0005\000.\0004\000\040\000E\000d\000i\000t\000D\000o\000n\000a\000t\000i\000o\000n\000F\000o\000r\000m\000\040\000N\000a\000m\000e\000s\000p\000a\000c\000e\000\040\000R\000e\000f\000e\000r\000e\000n\000c\000e}{chapter.5}% 13
\BOOKMARK [1][-]{section.5.5}{\376\377\0005\000.\0005\000\040\000s\000r\000c\000\040\000N\000a\000m\000e\000s\000p\000a\000c\000e\000\040\000R\000e\000f\000e\000r\000e\000n\000c\000e}{chapter.5}% 14
\BOOKMARK [1][-]{section.5.6}{\376\377\0005\000.\0006\000\040\000s\000r\000c\000.\000d\000a\000t\000a\000b\000a\000s\000e\000\040\000N\000a\000m\000e\000s\000p\000a\000c\000e\000\040\000R\000e\000f\000e\000r\000e\000n\000c\000e}{chapter.5}% 15
\BOOKMARK [1][-]{section.5.7}{\376\377\0005\000.\0007\000\040\000s\000r\000c\000.\000d\000a\000t\000a\000b\000a\000s\000e\000.\000D\000a\000t\000a\000b\000a\000s\000e\000C\000r\000e\000a\000t\000o\000r\000\040\000N\000a\000m\000e\000s\000p\000a\000c\000e\000\040\000R\000e\000f\000e\000r\000e\000n\000c\000e}{chapter.5}% 16
\BOOKMARK [2][-]{subsection.5.7.1}{\376\377\0005\000.\0007\000.\0001\000\040\000F\000u\000n\000c\000t\000i\000o\000n\000\040\000D\000o\000c\000u\000m\000e\000n\000t\000a\000t\000i\000o\000n}{section.5.7}% 17
\BOOKMARK [3][-]{subsubsection.5.7.1.1}{\376\377\0005\000.\0007\000.\0001\000.\0001\000\040\000i\000n\000i\000t\000D\000o\000n\000a\000t\000i\000o\000n\000T\000y\000p\000e\000s\000\050\000\051}{subsection.5.7.1}% 18
\BOOKMARK [3][-]{subsubsection.5.7.1.2}{\376\377\0005\000.\0007\000.\0001\000.\0002\000\040\000i\000n\000i\000t\000S\000a\000m\000p\000l\000e\000U\000s\000e\000r\000W\000i\000t\000h\000D\000o\000n\000a\000t\000i\000o\000n\000s\000\050\000\051}{subsection.5.7.1}% 19
\BOOKMARK [3][-]{subsubsection.5.7.1.3}{\376\377\0005\000.\0007\000.\0001\000.\0003\000\040\000m\000a\000i\000n\000\050\000\051}{subsection.5.7.1}% 20
\BOOKMARK [1][-]{section.5.8}{\376\377\0005\000.\0008\000\040\000s\000r\000c\000.\000d\000a\000t\000a\000b\000a\000s\000e\000.\000D\000a\000t\000a\000b\000a\000s\000e\000M\000a\000n\000a\000g\000e\000r\000\040\000N\000a\000m\000e\000s\000p\000a\000c\000e\000\040\000R\000e\000f\000e\000r\000e\000n\000c\000e}{chapter.5}% 21
\BOOKMARK [2][-]{subsection.5.8.1}{\376\377\0005\000.\0008\000.\0001\000\040\000F\000u\000n\000c\000t\000i\000o\000n\000\040\000D\000o\000c\000u\000m\000e\000n\000t\000a\000t\000i\000o\000n}{section.5.8}% 22
\BOOKMARK [3][-]{subsubsection.5.8.1.1}{\376\377\0005\000.\0008\000.\0001\000.\0001\000\040\000g\000e\000t\000D\000a\000t\000a\000b\000a\000s\000e\000\050\000\051}{subsection.5.8.1}% 23
\BOOKMARK [2][-]{subsection.5.8.2}{\376\377\0005\000.\0008\000.\0002\000\040\000V\000a\000r\000i\000a\000b\000l\000e\000\040\000D\000o\000c\000u\000m\000e\000n\000t\000a\000t\000i\000o\000n}{section.5.8}% 24
\BOOKMARK [3][-]{subsubsection.5.8.2.1}{\376\377\0005\000.\0008\000.\0002\000.\0001\000\040\000\137\000i\000n\000s\000t\000a\000n\000c\000e}{subsection.5.8.2}% 25
\BOOKMARK [1][-]{section.5.9}{\376\377\0005\000.\0009\000\040\000s\000r\000c\000.\000m\000a\000i\000n\000\040\000N\000a\000m\000e\000s\000p\000a\000c\000e\000\040\000R\000e\000f\000e\000r\000e\000n\000c\000e}{chapter.5}% 26
\BOOKMARK [2][-]{subsection.5.9.1}{\376\377\0005\000.\0009\000.\0001\000\040\000D\000e\000t\000a\000i\000l\000e\000d\000\040\000D\000e\000s\000c\000r\000i\000p\000t\000i\000o\000n}{section.5.9}% 27
\BOOKMARK [2][-]{subsection.5.9.2}{\376\377\0005\000.\0009\000.\0002\000\040\000V\000a\000r\000i\000a\000b\000l\000e\000\040\000D\000o\000c\000u\000m\000e\000n\000t\000a\000t\000i\000o\000n}{section.5.9}% 28
\BOOKMARK [3][-]{subsubsection.5.9.2.1}{\376\377\0005\000.\0009\000.\0002\000.\0001\000\040\000a\000p\000p}{subsection.5.9.2}% 29
\BOOKMARK [1][-]{section.5.10}{\376\377\0005\000.\0001\0000\000\040\000s\000r\000c\000.\000m\000o\000d\000e\000l\000s\000\040\000N\000a\000m\000e\000s\000p\000a\000c\000e\000\040\000R\000e\000f\000e\000r\000e\000n\000c\000e}{chapter.5}% 30
\BOOKMARK [2][-]{subsection.5.10.1}{\376\377\0005\000.\0001\0000\000.\0001\000\040\000D\000e\000t\000a\000i\000l\000e\000d\000\040\000D\000e\000s\000c\000r\000i\000p\000t\000i\000o\000n}{section.5.10}% 31
\BOOKMARK [1][-]{section.5.11}{\376\377\0005\000.\0001\0001\000\040\000s\000r\000c\000.\000m\000o\000d\000e\000l\000s\000.\000D\000o\000n\000a\000t\000i\000o\000n\000\040\000N\000a\000m\000e\000s\000p\000a\000c\000e\000\040\000R\000e\000f\000e\000r\000e\000n\000c\000e}{chapter.5}% 32
\BOOKMARK [1][-]{section.5.12}{\376\377\0005\000.\0001\0002\000\040\000s\000r\000c\000.\000m\000o\000d\000e\000l\000s\000.\000D\000o\000n\000a\000t\000i\000o\000n\000T\000y\000p\000e\000\040\000N\000a\000m\000e\000s\000p\000a\000c\000e\000\040\000R\000e\000f\000e\000r\000e\000n\000c\000e}{chapter.5}% 33
\BOOKMARK [1][-]{section.5.13}{\376\377\0005\000.\0001\0003\000\040\000s\000r\000c\000.\000m\000o\000d\000e\000l\000s\000.\000U\000s\000e\000r\000\040\000N\000a\000m\000e\000s\000p\000a\000c\000e\000\040\000R\000e\000f\000e\000r\000e\000n\000c\000e}{chapter.5}% 34
\BOOKMARK [1][-]{section.5.14}{\376\377\0005\000.\0001\0004\000\040\000T\000i\000t\000l\000e\000b\000a\000r\000\040\000N\000a\000m\000e\000s\000p\000a\000c\000e\000\040\000R\000e\000f\000e\000r\000e\000n\000c\000e}{chapter.5}% 35
\BOOKMARK [2][-]{subsection.5.14.1}{\376\377\0005\000.\0001\0004\000.\0001\000\040\000F\000u\000n\000c\000t\000i\000o\000n\000\040\000D\000o\000c\000u\000m\000e\000n\000t\000a\000t\000i\000o\000n}{section.5.14}% 36
\BOOKMARK [3][-]{subsubsection.5.14.1.1}{\376\377\0005\000.\0001\0004\000.\0001\000.\0001\000\040\000d\000a\000r\000k\000T\000i\000t\000l\000e\000B\000a\000r\000\050\000\051}{subsection.5.14.1}% 37
\BOOKMARK [0][-]{chapter.6}{\376\377\0006\000\040\000C\000l\000a\000s\000s\000\040\000D\000o\000c\000u\000m\000e\000n\000t\000a\000t\000i\000o\000n}{}% 38
\BOOKMARK [1][-]{section.6.1}{\376\377\0006\000.\0001\000\040\000A\000p\000p\000.\000A\000p\000p\000\040\000C\000l\000a\000s\000s\000\040\000R\000e\000f\000e\000r\000e\000n\000c\000e}{chapter.6}% 39
\BOOKMARK [2][-]{subsection.6.1.1}{\376\377\0006\000.\0001\000.\0001\000\040\000D\000e\000t\000a\000i\000l\000e\000d\000\040\000D\000e\000s\000c\000r\000i\000p\000t\000i\000o\000n}{section.6.1}% 40
\BOOKMARK [2][-]{subsection.6.1.2}{\376\377\0006\000.\0001\000.\0002\000\040\000C\000o\000n\000s\000t\000r\000u\000c\000t\000o\000r\000\040\000\046\000\040\000D\000e\000s\000t\000r\000u\000c\000t\000o\000r\000\040\000D\000o\000c\000u\000m\000e\000n\000t\000a\000t\000i\000o\000n}{section.6.1}% 41
\BOOKMARK [3][-]{subsubsection.6.1.2.1}{\376\377\0006\000.\0001\000.\0002\000.\0001\000\040\000\137\000\137\000i\000n\000i\000t\000\137\000\137\000\050\000\051}{subsection.6.1.2}% 42
\BOOKMARK [2][-]{subsection.6.1.3}{\376\377\0006\000.\0001\000.\0003\000\040\000M\000e\000m\000b\000e\000r\000\040\000F\000u\000n\000c\000t\000i\000o\000n\000\040\000D\000o\000c\000u\000m\000e\000n\000t\000a\000t\000i\000o\000n}{section.6.1}% 43
\BOOKMARK [3][-]{subsubsection.6.1.3.1}{\376\377\0006\000.\0001\000.\0003\000.\0001\000\040\000f\000i\000l\000l\000D\000o\000n\000a\000t\000i\000o\000n\000C\000a\000r\000d\000C\000o\000n\000t\000e\000n\000t\000\050\000\051}{subsection.6.1.3}% 44
\BOOKMARK [3][-]{subsubsection.6.1.3.2}{\376\377\0006\000.\0001\000.\0003\000.\0002\000\040\000s\000h\000o\000w\000C\000a\000r\000d\000\050\000\051}{subsection.6.1.3}% 45
\BOOKMARK [2][-]{subsection.6.1.4}{\376\377\0006\000.\0001\000.\0004\000\040\000M\000e\000m\000b\000e\000r\000\040\000D\000a\000t\000a\000\040\000D\000o\000c\000u\000m\000e\000n\000t\000a\000t\000i\000o\000n}{section.6.1}% 46
\BOOKMARK [3][-]{subsubsection.6.1.4.1}{\376\377\0006\000.\0001\000.\0004\000.\0001\000\040\000b\000u\000t\000t\000o\000n\000F\000r\000a\000m\000e}{subsection.6.1.4}% 47
\BOOKMARK [3][-]{subsubsection.6.1.4.2}{\376\377\0006\000.\0001\000.\0004\000.\0002\000\040\000c\000a\000r\000d\000C\000o\000n\000t\000e\000n\000t}{subsection.6.1.4}% 48
\BOOKMARK [3][-]{subsubsection.6.1.4.3}{\376\377\0006\000.\0001\000.\0004\000.\0003\000\040\000c\000a\000r\000d\000s}{subsection.6.1.4}% 49
\BOOKMARK [1][-]{section.6.2}{\376\377\0006\000.\0002\000\040\000s\000r\000c\000.\000d\000a\000t\000a\000b\000a\000s\000e\000.\000D\000a\000t\000a\000b\000a\000s\000e\000M\000a\000n\000a\000g\000e\000r\000.\000D\000a\000t\000a\000b\000a\000s\000e\000M\000a\000n\000a\000g\000e\000r\000\040\000C\000l\000a\000s\000s\000\040\000R\000e\000f\000e\000r\000e\000n\000c\000e}{chapter.6}% 50
\BOOKMARK [2][-]{subsection.6.2.1}{\376\377\0006\000.\0002\000.\0001\000\040\000D\000e\000t\000a\000i\000l\000e\000d\000\040\000D\000e\000s\000c\000r\000i\000p\000t\000i\000o\000n}{section.6.2}% 51
\BOOKMARK [2][-]{subsection.6.2.2}{\376\377\0006\000.\0002\000.\0002\000\040\000C\000o\000n\000s\000t\000r\000u\000c\000t\000o\000r\000\040\000\046\000\040\000D\000e\000s\000t\000r\000u\000c\000t\000o\000r\000\040\000D\000o\000c\000u\000m\000e\000n\000t\000a\000t\000i\000o\000n}{section.6.2}% 52
\BOOKMARK [3][-]{subsubsection.6.2.2.1}{\376\377\0006\000.\0002\000.\0002\000.\0001\000\040\000\137\000\137\000i\000n\000i\000t\000\137\000\137\000\050\000\051}{subsection.6.2.2}% 53
\BOOKMARK [2][-]{subsection.6.2.3}{\376\377\0006\000.\0002\000.\0003\000\040\000M\000e\000m\000b\000e\000r\000\040\000F\000u\000n\000c\000t\000i\000o\000n\000\040\000D\000o\000c\000u\000m\000e\000n\000t\000a\000t\000i\000o\000n}{section.6.2}% 54
\BOOKMARK [3][-]{subsubsection.6.2.3.1}{\376\377\0006\000.\0002\000.\0003\000.\0001\000\040\000a\000d\000d\000D\000o\000n\000a\000t\000i\000o\000n\000\050\000\051}{subsection.6.2.3}% 55
\BOOKMARK [3][-]{subsubsection.6.2.3.2}{\376\377\0006\000.\0002\000.\0003\000.\0002\000\040\000a\000d\000d\000U\000s\000e\000r\000\050\000\051}{subsection.6.2.3}% 56
\BOOKMARK [3][-]{subsubsection.6.2.3.3}{\376\377\0006\000.\0002\000.\0003\000.\0003\000\040\000d\000e\000l\000e\000t\000e\000D\000o\000n\000a\000t\000i\000o\000n\000\050\000\051}{subsection.6.2.3}% 57
\BOOKMARK [3][-]{subsubsection.6.2.3.4}{\376\377\0006\000.\0002\000.\0003\000.\0004\000\040\000e\000d\000i\000t\000D\000o\000n\000a\000t\000i\000o\000n\000\050\000\051}{subsection.6.2.3}% 58
\BOOKMARK [3][-]{subsubsection.6.2.3.5}{\376\377\0006\000.\0002\000.\0003\000.\0005\000\040\000e\000d\000i\000t\000U\000s\000e\000r\000\050\000\051}{subsection.6.2.3}% 59
\BOOKMARK [3][-]{subsubsection.6.2.3.6}{\376\377\0006\000.\0002\000.\0003\000.\0006\000\040\000f\000e\000t\000c\000h\000A\000l\000l\000D\000o\000n\000a\000t\000i\000o\000n\000s\000\050\000\051}{subsection.6.2.3}% 60
\BOOKMARK [3][-]{subsubsection.6.2.3.7}{\376\377\0006\000.\0002\000.\0003\000.\0007\000\040\000f\000e\000t\000c\000h\000D\000o\000n\000a\000t\000i\000o\000n\000T\000y\000p\000e\000s\000\050\000\051}{subsection.6.2.3}% 61
\BOOKMARK [3][-]{subsubsection.6.2.3.8}{\376\377\0006\000.\0002\000.\0003\000.\0008\000\040\000f\000e\000t\000c\000h\000U\000s\000e\000r\000\050\000\051}{subsection.6.2.3}% 62
\BOOKMARK [3][-]{subsubsection.6.2.3.9}{\376\377\0006\000.\0002\000.\0003\000.\0009\000\040\000f\000e\000t\000c\000h\000U\000s\000e\000r\000D\000o\000n\000a\000t\000i\000o\000n\000s\000\050\000\051}{subsection.6.2.3}% 63
\BOOKMARK [2][-]{subsection.6.2.4}{\376\377\0006\000.\0002\000.\0004\000\040\000M\000e\000m\000b\000e\000r\000\040\000D\000a\000t\000a\000\040\000D\000o\000c\000u\000m\000e\000n\000t\000a\000t\000i\000o\000n}{section.6.2}% 64
\BOOKMARK [3][-]{subsubsection.6.2.4.1}{\376\377\0006\000.\0002\000.\0004\000.\0001\000\040\000b\000l\000o\000o\000d\000\137\000t\000y\000p\000e\000s}{subsection.6.2.4}% 65
\BOOKMARK [3][-]{subsubsection.6.2.4.2}{\376\377\0006\000.\0002\000.\0004\000.\0002\000\040\000c\000o\000n\000n\000\040\000[\0001\000/\0002\000]}{subsection.6.2.4}% 66
\BOOKMARK [3][-]{subsubsection.6.2.4.3}{\376\377\0006\000.\0002\000.\0004\000.\0003\000\040\000c\000o\000n\000n\000\040\000[\0002\000/\0002\000]}{subsection.6.2.4}% 67
\BOOKMARK [3][-]{subsubsection.6.2.4.4}{\376\377\0006\000.\0002\000.\0004\000.\0004\000\040\000c\000u\000r\000s\000o\000r\000\040\000[\0001\000/\0002\000]}{subsection.6.2.4}% 68
\BOOKMARK [3][-]{subsubsection.6.2.4.5}{\376\377\0006\000.\0002\000.\0004\000.\0005\000\040\000c\000u\000r\000s\000o\000r\000\040\000[\0002\000/\0002\000]}{subsection.6.2.4}% 69
\BOOKMARK [3][-]{subsubsection.6.2.4.6}{\376\377\0006\000.\0002\000.\0004\000.\0006\000\040\000d\000o\000n\000a\000t\000i\000o\000n\000\137\000t\000y\000p\000e\000s\000\040\000[\0001\000/\0002\000]}{subsection.6.2.4}% 70
\BOOKMARK [3][-]{subsubsection.6.2.4.7}{\376\377\0006\000.\0002\000.\0004\000.\0007\000\040\000d\000o\000n\000a\000t\000i\000o\000n\000\137\000t\000y\000p\000e\000s\000\040\000[\0002\000/\0002\000]}{subsection.6.2.4}% 71
\BOOKMARK [3][-]{subsubsection.6.2.4.8}{\376\377\0006\000.\0002\000.\0004\000.\0008\000\040\000P\000A\000T\000H}{subsection.6.2.4}% 72
\BOOKMARK [1][-]{section.6.3}{\376\377\0006\000.\0003\000\040\000s\000r\000c\000.\000m\000o\000d\000e\000l\000s\000.\000D\000o\000n\000a\000t\000i\000o\000n\000.\000D\000o\000n\000a\000t\000i\000o\000n\000\040\000C\000l\000a\000s\000s\000\040\000R\000e\000f\000e\000r\000e\000n\000c\000e}{chapter.6}% 73
\BOOKMARK [2][-]{subsection.6.3.1}{\376\377\0006\000.\0003\000.\0001\000\040\000D\000e\000t\000a\000i\000l\000e\000d\000\040\000D\000e\000s\000c\000r\000i\000p\000t\000i\000o\000n}{section.6.3}% 74
\BOOKMARK [2][-]{subsection.6.3.2}{\376\377\0006\000.\0003\000.\0002\000\040\000C\000o\000n\000s\000t\000r\000u\000c\000t\000o\000r\000\040\000\046\000\040\000D\000e\000s\000t\000r\000u\000c\000t\000o\000r\000\040\000D\000o\000c\000u\000m\000e\000n\000t\000a\000t\000i\000o\000n}{section.6.3}% 75
\BOOKMARK [3][-]{subsubsection.6.3.2.1}{\376\377\0006\000.\0003\000.\0002\000.\0001\000\040\000\137\000\137\000i\000n\000i\000t\000\137\000\137\000\050\000\051}{subsection.6.3.2}% 76
\BOOKMARK [2][-]{subsection.6.3.3}{\376\377\0006\000.\0003\000.\0003\000\040\000M\000e\000m\000b\000e\000r\000\040\000F\000u\000n\000c\000t\000i\000o\000n\000\040\000D\000o\000c\000u\000m\000e\000n\000t\000a\000t\000i\000o\000n}{section.6.3}% 77
\BOOKMARK [3][-]{subsubsection.6.3.3.1}{\376\377\0006\000.\0003\000.\0003\000.\0001\000\040\000s\000e\000t\000I\000D\000\050\000\051}{subsection.6.3.3}% 78
\BOOKMARK [2][-]{subsection.6.3.4}{\376\377\0006\000.\0003\000.\0004\000\040\000M\000e\000m\000b\000e\000r\000\040\000D\000a\000t\000a\000\040\000D\000o\000c\000u\000m\000e\000n\000t\000a\000t\000i\000o\000n}{section.6.3}% 79
\BOOKMARK [3][-]{subsubsection.6.3.4.1}{\376\377\0006\000.\0003\000.\0004\000.\0001\000\040\000d\000o\000n\000a\000t\000i\000o\000n\000I\000D}{subsection.6.3.4}% 80
\BOOKMARK [1][-]{section.6.4}{\376\377\0006\000.\0004\000\040\000D\000o\000n\000a\000t\000i\000o\000n\000C\000a\000r\000d\000.\000D\000o\000n\000a\000t\000i\000o\000n\000C\000a\000r\000d\000\040\000C\000l\000a\000s\000s\000\040\000R\000e\000f\000e\000r\000e\000n\000c\000e}{chapter.6}% 81
\BOOKMARK [2][-]{subsection.6.4.1}{\376\377\0006\000.\0004\000.\0001\000\040\000D\000e\000t\000a\000i\000l\000e\000d\000\040\000D\000e\000s\000c\000r\000i\000p\000t\000i\000o\000n}{section.6.4}% 82
\BOOKMARK [2][-]{subsection.6.4.2}{\376\377\0006\000.\0004\000.\0002\000\040\000C\000o\000n\000s\000t\000r\000u\000c\000t\000o\000r\000\040\000\046\000\040\000D\000e\000s\000t\000r\000u\000c\000t\000o\000r\000\040\000D\000o\000c\000u\000m\000e\000n\000t\000a\000t\000i\000o\000n}{section.6.4}% 83
\BOOKMARK [3][-]{subsubsection.6.4.2.1}{\376\377\0006\000.\0004\000.\0002\000.\0001\000\040\000\137\000\137\000i\000n\000i\000t\000\137\000\137\000\050\000\051}{subsection.6.4.2}% 84
\BOOKMARK [2][-]{subsection.6.4.3}{\376\377\0006\000.\0004\000.\0003\000\040\000M\000e\000m\000b\000e\000r\000\040\000F\000u\000n\000c\000t\000i\000o\000n\000\040\000D\000o\000c\000u\000m\000e\000n\000t\000a\000t\000i\000o\000n}{section.6.4}% 85
\BOOKMARK [3][-]{subsubsection.6.4.3.1}{\376\377\0006\000.\0004\000.\0003\000.\0001\000\040\000h\000i\000d\000e\000\050\000\051}{subsection.6.4.3}% 86
\BOOKMARK [3][-]{subsubsection.6.4.3.2}{\376\377\0006\000.\0004\000.\0003\000.\0002\000\040\000i\000n\000s\000e\000r\000t\000D\000a\000t\000a\000\050\000\051}{subsection.6.4.3}% 87
\BOOKMARK [3][-]{subsubsection.6.4.3.3}{\376\377\0006\000.\0004\000.\0003\000.\0003\000\040\000o\000n\000A\000d\000d\000E\000n\000t\000r\000y\000\050\000\051}{subsection.6.4.3}% 88
\BOOKMARK [3][-]{subsubsection.6.4.3.4}{\376\377\0006\000.\0004\000.\0003\000.\0004\000\040\000o\000n\000D\000e\000l\000e\000t\000e\000E\000n\000t\000r\000y\000\050\000\051}{subsection.6.4.3}% 89
\BOOKMARK [3][-]{subsubsection.6.4.3.5}{\376\377\0006\000.\0004\000.\0003\000.\0005\000\040\000o\000n\000E\000d\000i\000t\000E\000n\000t\000r\000y\000\050\000\051}{subsection.6.4.3}% 90
\BOOKMARK [3][-]{subsubsection.6.4.3.6}{\376\377\0006\000.\0004\000.\0003\000.\0006\000\040\000s\000h\000o\000w\000\050\000\051}{subsection.6.4.3}% 91
\BOOKMARK [2][-]{subsection.6.4.4}{\376\377\0006\000.\0004\000.\0004\000\040\000M\000e\000m\000b\000e\000r\000\040\000D\000a\000t\000a\000\040\000D\000o\000c\000u\000m\000e\000n\000t\000a\000t\000i\000o\000n}{section.6.4}% 92
\BOOKMARK [3][-]{subsubsection.6.4.4.1}{\376\377\0006\000.\0004\000.\0004\000.\0001\000\040\000d\000a\000t\000a}{subsection.6.4.4}% 93
\BOOKMARK [3][-]{subsubsection.6.4.4.2}{\376\377\0006\000.\0004\000.\0004\000.\0002\000\040\000d\000b}{subsection.6.4.4}% 94
\BOOKMARK [3][-]{subsubsection.6.4.4.3}{\376\377\0006\000.\0004\000.\0004\000.\0003\000\040\000d\000o\000n\000a\000t\000i\000o\000n\000\137\000t\000y\000p\000e\000I\000D}{subsection.6.4.4}% 95
\BOOKMARK [3][-]{subsubsection.6.4.4.4}{\376\377\0006\000.\0004\000.\0004\000.\0004\000\040\000t\000i\000t\000l\000e}{subsection.6.4.4}% 96
\BOOKMARK [3][-]{subsubsection.6.4.4.5}{\376\377\0006\000.\0004\000.\0004\000.\0005\000\040\000t\000r\000e\000e}{subsection.6.4.4}% 97
\BOOKMARK [1][-]{section.6.5}{\376\377\0006\000.\0005\000\040\000A\000d\000d\000D\000o\000n\000a\000t\000i\000o\000n\000F\000o\000r\000m\000.\000D\000o\000n\000a\000t\000i\000o\000n\000F\000o\000r\000m\000\040\000C\000l\000a\000s\000s\000\040\000R\000e\000f\000e\000r\000e\000n\000c\000e}{chapter.6}% 98
\BOOKMARK [2][-]{subsection.6.5.1}{\376\377\0006\000.\0005\000.\0001\000\040\000D\000e\000t\000a\000i\000l\000e\000d\000\040\000D\000e\000s\000c\000r\000i\000p\000t\000i\000o\000n}{section.6.5}% 99
\BOOKMARK [2][-]{subsection.6.5.2}{\376\377\0006\000.\0005\000.\0002\000\040\000C\000o\000n\000s\000t\000r\000u\000c\000t\000o\000r\000\040\000\046\000\040\000D\000e\000s\000t\000r\000u\000c\000t\000o\000r\000\040\000D\000o\000c\000u\000m\000e\000n\000t\000a\000t\000i\000o\000n}{section.6.5}% 100
\BOOKMARK [3][-]{subsubsection.6.5.2.1}{\376\377\0006\000.\0005\000.\0002\000.\0001\000\040\000\137\000\137\000i\000n\000i\000t\000\137\000\137\000\050\000\051}{subsection.6.5.2}% 101
\BOOKMARK [2][-]{subsection.6.5.3}{\376\377\0006\000.\0005\000.\0003\000\040\000M\000e\000m\000b\000e\000r\000\040\000F\000u\000n\000c\000t\000i\000o\000n\000\040\000D\000o\000c\000u\000m\000e\000n\000t\000a\000t\000i\000o\000n}{section.6.5}% 102
\BOOKMARK [3][-]{subsubsection.6.5.3.1}{\376\377\0006\000.\0005\000.\0003\000.\0001\000\040\000c\000r\000e\000a\000t\000e\000W\000i\000d\000g\000e\000t\000s\000\050\000\051}{subsection.6.5.3}% 103
\BOOKMARK [3][-]{subsubsection.6.5.3.2}{\376\377\0006\000.\0005\000.\0003\000.\0002\000\040\000o\000n\000C\000l\000o\000s\000e\000\050\000\051}{subsection.6.5.3}% 104
\BOOKMARK [3][-]{subsubsection.6.5.3.3}{\376\377\0006\000.\0005\000.\0003\000.\0003\000\040\000o\000n\000S\000u\000b\000m\000i\000t\000\050\000\051}{subsection.6.5.3}% 105
\BOOKMARK [3][-]{subsubsection.6.5.3.4}{\376\377\0006\000.\0005\000.\0003\000.\0004\000\040\000s\000e\000t\000F\000u\000l\000l\000s\000c\000r\000e\000e\000n\000O\000v\000e\000r\000l\000a\000y\000\050\000\051}{subsection.6.5.3}% 106
\BOOKMARK [3][-]{subsubsection.6.5.3.5}{\376\377\0006\000.\0005\000.\0003\000.\0005\000\040\000u\000p\000d\000a\000t\000e\000O\000v\000e\000r\000L\000a\000y\000P\000o\000s\000i\000t\000i\000o\000n\000\050\000\051}{subsection.6.5.3}% 107
\BOOKMARK [2][-]{subsection.6.5.4}{\376\377\0006\000.\0005\000.\0004\000\040\000M\000e\000m\000b\000e\000r\000\040\000D\000a\000t\000a\000\040\000D\000o\000c\000u\000m\000e\000n\000t\000a\000t\000i\000o\000n}{section.6.5}% 108
\BOOKMARK [3][-]{subsubsection.6.5.4.1}{\376\377\0006\000.\0005\000.\0004\000.\0001\000\040\000\137\000b\000i\000n\000d\000\137\000i\000d}{subsection.6.5.4}% 109
\BOOKMARK [3][-]{subsubsection.6.5.4.2}{\376\377\0006\000.\0005\000.\0004\000.\0002\000\040\000d\000o\000n\000a\000t\000i\000o\000n\000\137\000t\000y\000p\000e\000I\000D}{subsection.6.5.4}% 110
\BOOKMARK [3][-]{subsubsection.6.5.4.3}{\376\377\0006\000.\0005\000.\0004\000.\0003\000\040\000e\000n\000t\000r\000i\000e\000s}{subsection.6.5.4}% 111
\BOOKMARK [3][-]{subsubsection.6.5.4.4}{\376\377\0006\000.\0005\000.\0004\000.\0004\000\040\000m\000a\000i\000n\000\137\000w\000i\000n\000d\000o\000w}{subsection.6.5.4}% 112
\BOOKMARK [3][-]{subsubsection.6.5.4.5}{\376\377\0006\000.\0005\000.\0004\000.\0005\000\040\000o\000n\000C\000l\000o\000s\000e}{subsection.6.5.4}% 113
\BOOKMARK [3][-]{subsubsection.6.5.4.6}{\376\377\0006\000.\0005\000.\0004\000.\0006\000\040\000p\000a\000r\000e\000n\000t}{subsection.6.5.4}% 114
\BOOKMARK [1][-]{section.6.6}{\376\377\0006\000.\0006\000\040\000s\000r\000c\000.\000m\000o\000d\000e\000l\000s\000.\000D\000o\000n\000a\000t\000i\000o\000n\000T\000y\000p\000e\000.\000D\000o\000n\000a\000t\000i\000o\000n\000T\000y\000p\000e\000\040\000C\000l\000a\000s\000s\000\040\000R\000e\000f\000e\000r\000e\000n\000c\000e}{chapter.6}% 115
\BOOKMARK [2][-]{subsection.6.6.1}{\376\377\0006\000.\0006\000.\0001\000\040\000D\000e\000t\000a\000i\000l\000e\000d\000\040\000D\000e\000s\000c\000r\000i\000p\000t\000i\000o\000n}{section.6.6}% 116
\BOOKMARK [2][-]{subsection.6.6.2}{\376\377\0006\000.\0006\000.\0002\000\040\000C\000o\000n\000s\000t\000r\000u\000c\000t\000o\000r\000\040\000\046\000\040\000D\000e\000s\000t\000r\000u\000c\000t\000o\000r\000\040\000D\000o\000c\000u\000m\000e\000n\000t\000a\000t\000i\000o\000n}{section.6.6}% 117
\BOOKMARK [3][-]{subsubsection.6.6.2.1}{\376\377\0006\000.\0006\000.\0002\000.\0001\000\040\000\137\000\137\000i\000n\000i\000t\000\137\000\137\000\050\000\051}{subsection.6.6.2}% 118
\BOOKMARK [2][-]{subsection.6.6.3}{\376\377\0006\000.\0006\000.\0003\000\040\000M\000e\000m\000b\000e\000r\000\040\000F\000u\000n\000c\000t\000i\000o\000n\000\040\000D\000o\000c\000u\000m\000e\000n\000t\000a\000t\000i\000o\000n}{section.6.6}% 119
\BOOKMARK [3][-]{subsubsection.6.6.3.1}{\376\377\0006\000.\0006\000.\0003\000.\0001\000\040\000t\000o\000D\000i\000c\000t\000\050\000\051}{subsection.6.6.3}% 120
\BOOKMARK [2][-]{subsection.6.6.4}{\376\377\0006\000.\0006\000.\0004\000\040\000M\000e\000m\000b\000e\000r\000\040\000D\000a\000t\000a\000\040\000D\000o\000c\000u\000m\000e\000n\000t\000a\000t\000i\000o\000n}{section.6.6}% 121
\BOOKMARK [3][-]{subsubsection.6.6.4.1}{\376\377\0006\000.\0006\000.\0004\000.\0001\000\040\000i\000d}{subsection.6.6.4}% 122
\BOOKMARK [3][-]{subsubsection.6.6.4.2}{\376\377\0006\000.\0006\000.\0004\000.\0002\000\040\000n\000a\000m\000e}{subsection.6.6.4}% 123
\BOOKMARK [1][-]{section.6.7}{\376\377\0006\000.\0007\000\040\000E\000d\000i\000t\000D\000o\000n\000a\000t\000i\000o\000n\000F\000o\000r\000m\000.\000E\000d\000i\000t\000D\000o\000n\000a\000t\000i\000o\000n\000F\000o\000r\000m\000\040\000C\000l\000a\000s\000s\000\040\000R\000e\000f\000e\000r\000e\000n\000c\000e}{chapter.6}% 124
\BOOKMARK [2][-]{subsection.6.7.1}{\376\377\0006\000.\0007\000.\0001\000\040\000D\000e\000t\000a\000i\000l\000e\000d\000\040\000D\000e\000s\000c\000r\000i\000p\000t\000i\000o\000n}{section.6.7}% 125
\BOOKMARK [2][-]{subsection.6.7.2}{\376\377\0006\000.\0007\000.\0002\000\040\000C\000o\000n\000s\000t\000r\000u\000c\000t\000o\000r\000\040\000\046\000\040\000D\000e\000s\000t\000r\000u\000c\000t\000o\000r\000\040\000D\000o\000c\000u\000m\000e\000n\000t\000a\000t\000i\000o\000n}{section.6.7}% 126
\BOOKMARK [3][-]{subsubsection.6.7.2.1}{\376\377\0006\000.\0007\000.\0002\000.\0001\000\040\000\137\000\137\000i\000n\000i\000t\000\137\000\137\000\050\000\051}{subsection.6.7.2}% 127
\BOOKMARK [2][-]{subsection.6.7.3}{\376\377\0006\000.\0007\000.\0003\000\040\000M\000e\000m\000b\000e\000r\000\040\000F\000u\000n\000c\000t\000i\000o\000n\000\040\000D\000o\000c\000u\000m\000e\000n\000t\000a\000t\000i\000o\000n}{section.6.7}% 128
\BOOKMARK [3][-]{subsubsection.6.7.3.1}{\376\377\0006\000.\0007\000.\0003\000.\0001\000\040\000c\000r\000e\000a\000t\000e\000W\000i\000d\000g\000e\000t\000s\000\050\000\051}{subsection.6.7.3}% 129
\BOOKMARK [3][-]{subsubsection.6.7.3.2}{\376\377\0006\000.\0007\000.\0003\000.\0002\000\040\000o\000n\000C\000l\000o\000s\000e\000\050\000\051}{subsection.6.7.3}% 130
\BOOKMARK [3][-]{subsubsection.6.7.3.3}{\376\377\0006\000.\0007\000.\0003\000.\0003\000\040\000o\000n\000S\000u\000b\000m\000i\000t\000\050\000\051}{subsection.6.7.3}% 131
\BOOKMARK [3][-]{subsubsection.6.7.3.4}{\376\377\0006\000.\0007\000.\0003\000.\0004\000\040\000s\000e\000t\000F\000u\000l\000l\000s\000c\000r\000e\000e\000n\000O\000v\000e\000r\000l\000a\000y\000\050\000\051}{subsection.6.7.3}% 132
\BOOKMARK [3][-]{subsubsection.6.7.3.5}{\376\377\0006\000.\0007\000.\0003\000.\0005\000\040\000u\000p\000d\000a\000t\000e\000O\000v\000e\000r\000l\000a\000y\000P\000o\000s\000i\000t\000i\000o\000n\000\050\000\051}{subsection.6.7.3}% 133
\BOOKMARK [2][-]{subsection.6.7.4}{\376\377\0006\000.\0007\000.\0004\000\040\000M\000e\000m\000b\000e\000r\000\040\000D\000a\000t\000a\000\040\000D\000o\000c\000u\000m\000e\000n\000t\000a\000t\000i\000o\000n}{section.6.7}% 134
\BOOKMARK [3][-]{subsubsection.6.7.4.1}{\376\377\0006\000.\0007\000.\0004\000.\0001\000\040\000\137\000b\000i\000n\000d\000\137\000i\000d}{subsection.6.7.4}% 135
\BOOKMARK [3][-]{subsubsection.6.7.4.2}{\376\377\0006\000.\0007\000.\0004\000.\0002\000\040\000d\000o\000n\000a\000t\000i\000o\000n\000\137\000d\000a\000t\000a}{subsection.6.7.4}% 136
\BOOKMARK [3][-]{subsubsection.6.7.4.3}{\376\377\0006\000.\0007\000.\0004\000.\0003\000\040\000e\000n\000t\000r\000i\000e\000s}{subsection.6.7.4}% 137
\BOOKMARK [3][-]{subsubsection.6.7.4.4}{\376\377\0006\000.\0007\000.\0004\000.\0004\000\040\000m\000a\000i\000n\000\137\000w\000i\000n\000d\000o\000w}{subsection.6.7.4}% 138
\BOOKMARK [3][-]{subsubsection.6.7.4.5}{\376\377\0006\000.\0007\000.\0004\000.\0005\000\040\000o\000n\000C\000l\000o\000s\000e}{subsection.6.7.4}% 139
\BOOKMARK [3][-]{subsubsection.6.7.4.6}{\376\377\0006\000.\0007\000.\0004\000.\0006\000\040\000p\000a\000r\000e\000n\000t}{subsection.6.7.4}% 140
\BOOKMARK [1][-]{section.6.8}{\376\377\0006\000.\0008\000\040\000s\000r\000c\000.\000m\000o\000d\000e\000l\000s\000.\000U\000s\000e\000r\000.\000U\000s\000e\000r\000\040\000C\000l\000a\000s\000s\000\040\000R\000e\000f\000e\000r\000e\000n\000c\000e}{chapter.6}% 141
\BOOKMARK [2][-]{subsection.6.8.1}{\376\377\0006\000.\0008\000.\0001\000\040\000D\000e\000t\000a\000i\000l\000e\000d\000\040\000D\000e\000s\000c\000r\000i\000p\000t\000i\000o\000n}{section.6.8}% 142
\BOOKMARK [2][-]{subsection.6.8.2}{\376\377\0006\000.\0008\000.\0002\000\040\000C\000o\000n\000s\000t\000r\000u\000c\000t\000o\000r\000\040\000\046\000\040\000D\000e\000s\000t\000r\000u\000c\000t\000o\000r\000\040\000D\000o\000c\000u\000m\000e\000n\000t\000a\000t\000i\000o\000n}{section.6.8}% 143
\BOOKMARK [3][-]{subsubsection.6.8.2.1}{\376\377\0006\000.\0008\000.\0002\000.\0001\000\040\000\137\000\137\000i\000n\000i\000t\000\137\000\137\000\050\000\051}{subsection.6.8.2}% 144
\BOOKMARK [2][-]{subsection.6.8.3}{\376\377\0006\000.\0008\000.\0003\000\040\000M\000e\000m\000b\000e\000r\000\040\000F\000u\000n\000c\000t\000i\000o\000n\000\040\000D\000o\000c\000u\000m\000e\000n\000t\000a\000t\000i\000o\000n}{section.6.8}% 145
\BOOKMARK [3][-]{subsubsection.6.8.3.1}{\376\377\0006\000.\0008\000.\0003\000.\0001\000\040\000\137\000\137\000s\000t\000r\000\137\000\137\000\050\000\051}{subsection.6.8.3}% 146
\BOOKMARK [3][-]{subsubsection.6.8.3.2}{\376\377\0006\000.\0008\000.\0003\000.\0002\000\040\000s\000e\000t\000I\000D\000\050\000\051}{subsection.6.8.3}% 147
\BOOKMARK [3][-]{subsubsection.6.8.3.3}{\376\377\0006\000.\0008\000.\0003\000.\0003\000\040\000t\000o\000D\000i\000c\000t\000\050\000\051}{subsection.6.8.3}% 148
\BOOKMARK [2][-]{subsection.6.8.4}{\376\377\0006\000.\0008\000.\0004\000\040\000M\000e\000m\000b\000e\000r\000\040\000D\000a\000t\000a\000\040\000D\000o\000c\000u\000m\000e\000n\000t\000a\000t\000i\000o\000n}{section.6.8}% 149
\BOOKMARK [3][-]{subsubsection.6.8.4.1}{\376\377\0006\000.\0008\000.\0004\000.\0001\000\040\000a\000g\000e}{subsection.6.8.4}% 150
\BOOKMARK [3][-]{subsubsection.6.8.4.2}{\376\377\0006\000.\0008\000.\0004\000.\0002\000\040\000i\000d}{subsection.6.8.4}% 151
\BOOKMARK [3][-]{subsubsection.6.8.4.3}{\376\377\0006\000.\0008\000.\0004\000.\0003\000\040\000l\000a\000s\000t\000\137\000n\000a\000m\000e}{subsection.6.8.4}% 152
\BOOKMARK [3][-]{subsubsection.6.8.4.4}{\376\377\0006\000.\0008\000.\0004\000.\0004\000\040\000n\000a\000m\000e}{subsection.6.8.4}% 153
\BOOKMARK [0][-]{chapter.7}{\376\377\0007\000\040\000F\000i\000l\000e\000\040\000D\000o\000c\000u\000m\000e\000n\000t\000a\000t\000i\000o\000n}{}% 154
\BOOKMARK [1][-]{section.7.1}{\376\377\0007\000.\0001\000\040\000s\000r\000c\000/\000\137\000\137\000i\000n\000i\000t\000\137\000\137\000.\000p\000y\000\040\000F\000i\000l\000e\000\040\000R\000e\000f\000e\000r\000e\000n\000c\000e}{chapter.7}% 155
\BOOKMARK [1][-]{section.7.2}{\376\377\0007\000.\0002\000\040\000s\000r\000c\000/\000d\000a\000t\000a\000b\000a\000s\000e\000/\000\137\000\137\000i\000n\000i\000t\000\137\000\137\000.\000p\000y\000\040\000F\000i\000l\000e\000\040\000R\000e\000f\000e\000r\000e\000n\000c\000e}{chapter.7}% 156
\BOOKMARK [1][-]{section.7.3}{\376\377\0007\000.\0003\000\040\000s\000r\000c\000/\000m\000o\000d\000e\000l\000s\000/\000\137\000\137\000i\000n\000i\000t\000\137\000\137\000.\000p\000y\000\040\000F\000i\000l\000e\000\040\000R\000e\000f\000e\000r\000e\000n\000c\000e}{chapter.7}% 157
\BOOKMARK [1][-]{section.7.4}{\376\377\0007\000.\0004\000\040\000s\000r\000c\000/\000d\000a\000t\000a\000b\000a\000s\000e\000/\000D\000a\000t\000a\000b\000a\000s\000e\000C\000r\000e\000a\000t\000o\000r\000.\000p\000y\000\040\000F\000i\000l\000e\000\040\000R\000e\000f\000e\000r\000e\000n\000c\000e}{chapter.7}% 158
\BOOKMARK [1][-]{section.7.5}{\376\377\0007\000.\0005\000\040\000s\000r\000c\000/\000d\000a\000t\000a\000b\000a\000s\000e\000/\000D\000a\000t\000a\000b\000a\000s\000e\000M\000a\000n\000a\000g\000e\000r\000.\000p\000y\000\040\000F\000i\000l\000e\000\040\000R\000e\000f\000e\000r\000e\000n\000c\000e}{chapter.7}% 159
\BOOKMARK [1][-]{section.7.6}{\376\377\0007\000.\0006\000\040\000s\000r\000c\000/\000f\000r\000o\000n\000t\000E\000n\000d\000/\000A\000d\000d\000D\000o\000n\000a\000t\000i\000o\000n\000F\000o\000r\000m\000.\000p\000y\000\040\000F\000i\000l\000e\000\040\000R\000e\000f\000e\000r\000e\000n\000c\000e}{chapter.7}% 160
\BOOKMARK [1][-]{section.7.7}{\376\377\0007\000.\0007\000\040\000s\000r\000c\000/\000f\000r\000o\000n\000t\000E\000n\000d\000/\000A\000p\000p\000.\000p\000y\000\040\000F\000i\000l\000e\000\040\000R\000e\000f\000e\000r\000e\000n\000c\000e}{chapter.7}% 161
\BOOKMARK [1][-]{section.7.8}{\376\377\0007\000.\0008\000\040\000s\000r\000c\000/\000f\000r\000o\000n\000t\000E\000n\000d\000/\000D\000o\000n\000a\000t\000i\000o\000n\000C\000a\000r\000d\000.\000p\000y\000\040\000F\000i\000l\000e\000\040\000R\000e\000f\000e\000r\000e\000n\000c\000e}{chapter.7}% 162
\BOOKMARK [1][-]{section.7.9}{\376\377\0007\000.\0009\000\040\000s\000r\000c\000/\000f\000r\000o\000n\000t\000E\000n\000d\000/\000E\000d\000i\000t\000D\000o\000n\000a\000t\000i\000o\000n\000F\000o\000r\000m\000.\000p\000y\000\040\000F\000i\000l\000e\000\040\000R\000e\000f\000e\000r\000e\000n\000c\000e}{chapter.7}% 163
\BOOKMARK [1][-]{section.7.10}{\376\377\0007\000.\0001\0000\000\040\000s\000r\000c\000/\000f\000r\000o\000n\000t\000E\000n\000d\000/\000T\000i\000t\000l\000e\000b\000a\000r\000.\000p\000y\000\040\000F\000i\000l\000e\000\040\000R\000e\000f\000e\000r\000e\000n\000c\000e}{chapter.7}% 164
\BOOKMARK [1][-]{section.7.11}{\376\377\0007\000.\0001\0001\000\040\000s\000r\000c\000/\000m\000a\000i\000n\000.\000p\000y\000\040\000F\000i\000l\000e\000\040\000R\000e\000f\000e\000r\000e\000n\000c\000e}{chapter.7}% 165
\BOOKMARK [1][-]{section.7.12}{\376\377\0007\000.\0001\0002\000\040\000s\000r\000c\000/\000m\000o\000d\000e\000l\000s\000/\000D\000o\000n\000a\000t\000i\000o\000n\000.\000p\000y\000\040\000F\000i\000l\000e\000\040\000R\000e\000f\000e\000r\000e\000n\000c\000e}{chapter.7}% 166
\BOOKMARK [1][-]{section.7.13}{\376\377\0007\000.\0001\0003\000\040\000s\000r\000c\000/\000m\000o\000d\000e\000l\000s\000/\000D\000o\000n\000a\000t\000i\000o\000n\000T\000y\000p\000e\000.\000p\000y\000\040\000F\000i\000l\000e\000\040\000R\000e\000f\000e\000r\000e\000n\000c\000e}{chapter.7}% 167
\BOOKMARK [1][-]{section.7.14}{\376\377\0007\000.\0001\0004\000\040\000s\000r\000c\000/\000m\000o\000d\000e\000l\000s\000/\000U\000s\000e\000r\000.\000p\000y\000\040\000F\000i\000l\000e\000\040\000R\000e\000f\000e\000r\000e\000n\000c\000e}{chapter.7}% 168
\BOOKMARK [0][-]{section*.83}{\376\377\000I\000n\000d\000e\000x}{}% 169
